<?xml version="1.0" encoding="UTF-8"?>
<!-- Generated by org.testng.reporters.JUnitReportReporter -->
<testsuite hostname="WIN-BGK24A9EOT2" failures="0" tests="3" name="book_store.PaginationButtonsTest" time="16.503" errors="0" timestamp="2022-06-21T22:31:10 EEST" skipped="0">
  <testcase classname="book_store.PaginationButtonsTest" name="movingBetweenPagesUsingPreviousAndNextButtons" time="4.523"/>
  <system-out/>
  <testcase classname="book_store.PaginationButtonsTest" name="checkBothButtonsDisabled" time="4.319"/>
  <system-out/>
  <testcase classname="book_store.PaginationButtonsTest" name="checkAbsenceOfBehaviorWhenClickOnDisabledButtons" time="7.661"/>
  <system-out/>
</testsuite> <!-- book_store.PaginationButtonsTest -->
