<?xml version="1.0" encoding="UTF-8"?>
<!-- Generated by org.testng.reporters.JUnitReportReporter -->
<testsuite hostname="WIN-BGK24A9EOT2" failures="0" tests="6" name="authorisation.AuthorisationTest" time="49.662" errors="0" timestamp="2022-07-08T15:40:58 EEST" skipped="0">
  <testcase classname="authorisation.AuthorisationTest" name="emptyPasswordField" time="7.408"/>
  <system-out/>
  <testcase classname="authorisation.AuthorisationTest" name="openAccountPageWithoutAuthorisation" time="5.077"/>
  <system-out/>
  <testcase classname="authorisation.AuthorisationTest" name="emptyUsernameField" time="6.589"/>
  <system-out/>
  <testcase classname="authorisation.AuthorisationTest" name="correctUsernameAndIncorrectPassword" time="9.323"/>
  <system-out/>
  <testcase classname="authorisation.AuthorisationTest" name="correctAccessToProfile" time="13.958"/>
  <system-out/>
  <testcase classname="authorisation.AuthorisationTest" name="unregisteredUsername" time="7.307"/>
  <system-out/>
</testsuite> <!-- authorisation.AuthorisationTest -->
