<?xml version="1.0" encoding="UTF-8"?>
<!-- Generated by org.testng.reporters.JUnitReportReporter -->
<testsuite hostname="WIN-BGK24A9EOT2" failures="0" tests="6" name="book_store.BookCountSelectorTest" time="49.229" errors="0" timestamp="2022-07-08T15:40:58 EEST" skipped="0">
  <testcase classname="book_store.BookCountSelectorTest" name="maxCountOfBooks20" time="9.554"/>
  <system-out/>
  <testcase classname="book_store.BookCountSelectorTest" name="maxCountOfBooks50" time="6.298"/>
  <system-out/>
  <testcase classname="book_store.BookCountSelectorTest" name="maxCountOfBooks100" time="12.160"/>
  <system-out/>
  <testcase classname="book_store.BookCountSelectorTest" name="maxCountOfBooks10" time="8.505"/>
  <system-out/>
  <testcase classname="book_store.BookCountSelectorTest" name="maxCountOfBooks5" time="6.010"/>
  <system-out/>
  <testcase classname="book_store.BookCountSelectorTest" name="maxCountOfBooks25" time="6.702"/>
  <system-out/>
</testsuite> <!-- book_store.BookCountSelectorTest -->
