<?xml version="1.0" encoding="UTF-8"?>
<!-- Generated by org.testng.reporters.JUnitReportReporter -->
<testsuite hostname="WIN-BGK24A9EOT2" failures="0" tests="6" name="book_store.BookCountSelectorTest" time="27.618" errors="0" timestamp="2022-06-21T22:31:10 EEST" skipped="0">
  <testcase classname="book_store.BookCountSelectorTest" name="maxCountOfBooks25" time="4.400"/>
  <system-out/>
  <testcase classname="book_store.BookCountSelectorTest" name="maxCountOfBooks5" time="4.601"/>
  <system-out/>
  <testcase classname="book_store.BookCountSelectorTest" name="maxCountOfBooks10" time="4.799"/>
  <system-out/>
  <testcase classname="book_store.BookCountSelectorTest" name="maxCountOfBooks50" time="4.580"/>
  <system-out/>
  <testcase classname="book_store.BookCountSelectorTest" name="maxCountOfBooks100" time="5.081"/>
  <system-out/>
  <testcase classname="book_store.BookCountSelectorTest" name="maxCountOfBooks20" time="4.157"/>
  <system-out/>
</testsuite> <!-- book_store.BookCountSelectorTest -->
