<?xml version="1.0" encoding="UTF-8"?>
<!-- Generated by org.testng.reporters.JUnitReportReporter -->
<testsuite hostname="WIN-BGK24A9EOT2" failures="0" tests="3" name="book_store.PaginationButtonsTest" time="29.891" errors="0" timestamp="2022-07-08T15:40:58 EEST" skipped="0">
  <testcase classname="book_store.PaginationButtonsTest" name="movingBetweenPagesUsingPreviousAndNextButtons" time="11.751"/>
  <system-out/>
  <testcase classname="book_store.PaginationButtonsTest" name="checkAbsenceOfBehaviorWhenClickOnDisabledButtons" time="11.331"/>
  <system-out/>
  <testcase classname="book_store.PaginationButtonsTest" name="checkBothButtonsDisabled" time="6.809"/>
  <system-out/>
</testsuite> <!-- book_store.PaginationButtonsTest -->
