<?xml version="1.0" encoding="UTF-8"?>
<!-- Generated by org.testng.reporters.JUnitReportReporter -->
<testsuite hostname="WIN-BGK24A9EOT2" failures="0" tests="5" name="book_store.SearchFieldTest" time="34.337" errors="0" timestamp="2022-06-21T22:31:10 EEST" skipped="0">
  <testcase classname="book_store.SearchFieldTest" name="searchByPhraseInTitle" time="4.696"/>
  <system-out/>
  <testcase classname="book_store.SearchFieldTest" name="noBooksSearch" time="15.031"/>
  <system-out/>
  <testcase classname="book_store.SearchFieldTest" name="searchByAuthor" time="4.293"/>
  <system-out/>
  <testcase classname="book_store.SearchFieldTest" name="searchByPublisher" time="5.691"/>
  <system-out/>
  <testcase classname="book_store.SearchFieldTest" name="searchByFullTitle" time="4.626"/>
  <system-out/>
</testsuite> <!-- book_store.SearchFieldTest -->
