<?xml version="1.0" encoding="UTF-8"?>
<!-- Generated by org.testng.reporters.JUnitReportReporter -->
<testsuite hostname="WIN-BGK24A9EOT2" failures="0" tests="6" name="authorisation.AuthorisationTest" time="49.897" errors="0" timestamp="2022-07-08T15:49:54 EEST" skipped="0">
  <testcase classname="authorisation.AuthorisationTest" name="openAccountPageWithoutAuthorisation" time="6.788"/>
  <system-out/>
  <testcase classname="authorisation.AuthorisationTest" name="emptyPasswordField" time="6.888"/>
  <system-out/>
  <testcase classname="authorisation.AuthorisationTest" name="emptyUsernameField" time="7.367"/>
  <system-out/>
  <testcase classname="authorisation.AuthorisationTest" name="correctAccessToProfile" time="9.847"/>
  <system-out/>
  <testcase classname="authorisation.AuthorisationTest" name="correctUsernameAndIncorrectPassword" time="8.111"/>
  <system-out/>
  <testcase classname="authorisation.AuthorisationTest" name="unregisteredUsername" time="10.896"/>
  <system-out/>
</testsuite> <!-- authorisation.AuthorisationTest -->
