<?xml version="1.0" encoding="UTF-8"?>
<!-- Generated by org.testng.reporters.JUnitReportReporter -->
<testsuite hostname="WIN-BGK24A9EOT2" failures="0" tests="5" name="book_store.SearchFieldTest" time="48.899" errors="0" timestamp="2022-07-08T15:49:54 EEST" skipped="0">
  <testcase classname="book_store.SearchFieldTest" name="searchByPhraseInTitle" time="6.500"/>
  <system-out/>
  <testcase classname="book_store.SearchFieldTest" name="searchByAuthor" time="5.931"/>
  <system-out/>
  <testcase classname="book_store.SearchFieldTest" name="searchByFullTitle" time="8.624"/>
  <system-out/>
  <testcase classname="book_store.SearchFieldTest" name="searchByPublisher" time="9.173"/>
  <system-out/>
  <testcase classname="book_store.SearchFieldTest" name="noBooksSearch" time="18.671"/>
  <system-out/>
</testsuite> <!-- book_store.SearchFieldTest -->
