<?xml version="1.0" encoding="UTF-8"?>
<!-- Generated by org.testng.reporters.JUnitReportReporter -->
<testsuite hostname="WIN-BGK24A9EOT2" failures="0" tests="6" name="authorisation.AuthorisationTest" time="34.032" errors="0" timestamp="2022-06-21T22:31:10 EEST" skipped="0">
  <testcase classname="authorisation.AuthorisationTest" name="emptyUsernameField" time="4.533"/>
  <system-out/>
  <testcase classname="authorisation.AuthorisationTest" name="authorisationWithCorrectCredentials" time="5.850"/>
  <system-out/>
  <testcase classname="authorisation.AuthorisationTest" name="unregisteredUsername" time="5.929"/>
  <system-out/>
  <testcase classname="authorisation.AuthorisationTest" name="correctUsernameAndIncorrectPassword" time="5.746"/>
  <system-out/>
  <testcase classname="authorisation.AuthorisationTest" name="emptyPasswordField" time="4.411"/>
  <system-out/>
  <testcase classname="authorisation.AuthorisationTest" name="correctAccessToProfile" time="7.563"/>
  <system-out/>
</testsuite> <!-- authorisation.AuthorisationTest -->
