<?xml version="1.0" encoding="UTF-8"?>
<!-- Generated by org.testng.reporters.JUnitReportReporter -->
<testsuite hostname="WIN-BGK24A9EOT2" failures="0" tests="6" name="book_store.BookCountSelectorTest" time="48.755" errors="0" timestamp="2022-07-08T15:49:54 EEST" skipped="0">
  <testcase classname="book_store.BookCountSelectorTest" name="maxCountOfBooks100" time="7.209"/>
  <system-out/>
  <testcase classname="book_store.BookCountSelectorTest" name="maxCountOfBooks10" time="11.200"/>
  <system-out/>
  <testcase classname="book_store.BookCountSelectorTest" name="maxCountOfBooks50" time="6.739"/>
  <system-out/>
  <testcase classname="book_store.BookCountSelectorTest" name="maxCountOfBooks25" time="7.723"/>
  <system-out/>
  <testcase classname="book_store.BookCountSelectorTest" name="maxCountOfBooks5" time="6.969"/>
  <system-out/>
  <testcase classname="book_store.BookCountSelectorTest" name="maxCountOfBooks20" time="8.915"/>
  <system-out/>
</testsuite> <!-- book_store.BookCountSelectorTest -->
