<?xml version="1.0" encoding="UTF-8"?>
<!-- Generated by org.testng.reporters.JUnitReportReporter -->
<testsuite hostname="WIN-BGK24A9EOT2" failures="0" tests="5" name="book_store.SearchFieldTest" time="51.260" errors="0" timestamp="2022-07-08T15:40:58 EEST" skipped="0">
  <testcase classname="book_store.SearchFieldTest" name="searchByFullTitle" time="6.192"/>
  <system-out/>
  <testcase classname="book_store.SearchFieldTest" name="searchByAuthor" time="7.395"/>
  <system-out/>
  <testcase classname="book_store.SearchFieldTest" name="searchByPublisher" time="5.258"/>
  <system-out/>
  <testcase classname="book_store.SearchFieldTest" name="noBooksSearch" time="26.177"/>
  <system-out/>
  <testcase classname="book_store.SearchFieldTest" name="searchByPhraseInTitle" time="6.238"/>
  <system-out/>
</testsuite> <!-- book_store.SearchFieldTest -->
